<?xml version="1.0" encoding="UTF-8"?>
<testsuite name="MainHashMapTest" tests="1" skipped="0" failures="0" errors="0" timestamp="2019-12-05T10:56:20" hostname="MacBook-Pro-GP.local" time="0.001">
  <properties/>
  <testcase name="assertHashMap2" classname="MainHashMapTest" time="0.001"/>
  <system-out><![CDATA[]]></system-out>
  <system-err><![CDATA[]]></system-err>
</testsuite>
