<?xml version="1.0" encoding="UTF-8"?>
<testsuite name="MainReaderTest" tests="3" skipped="0" failures="0" errors="0" timestamp="2019-10-17T22:51:18" hostname="MacBook-Pro-GP.local" time="0.004">
  <properties/>
  <testcase name="assertCorrectInstance" classname="MainReaderTest" time="0.001"/>
  <testcase name="assertNotInstance" classname="MainReaderTest" time="0.0"/>
  <testcase name="assertEqualPrice" classname="MainReaderTest" time="0.0"/>
  <system-out><![CDATA[Bond(10.2)
CommoditySpot(14.2)
FxSpot(100.23)
IrSwap(72.22)
Bond(10.2)
CommoditySpot(14.2)
FxSpot(100.23)
IrSwap(72.22)
Bond(10.2)
CommoditySpot(14.2)
FxSpot(100.23)
IrSwap(72.22)
]]></system-out>
  <system-err><![CDATA[]]></system-err>
</testsuite>
